<?xml version="1.0" encoding="UTF-8"?>
<!-- Generated by org.testng.reporters.JUnitXMLReporter -->
<testsuite hostname="SUMANTA" name="NaukriJobPortal Chrome Test Result" tests="5" failures="0" timestamp="14 Jan 2016 16:21:50 GMT" time="256.295" errors="0">
  <testcase name="@BeforeTest beforeTest" time="0.0" classname="com.naukri.testscript.TestNaukri">
    <failure type="org.openqa.selenium.SessionNotCreatedException" message="session not created exception
from tab crashed
  (Session info: chrome=47.0.2526.106)
  (Driver info: chromedriver=2.16.333243 (0bfa1d3575fc1044244f21ddb82bf870944ef961),platform=Windows NT 10.0 x86_64) (WARNING: The server did not provide any stacktrace information)
Command duration or timeout: 254.48 seconds
Build info: version: &amp;apos;2.48.2&amp;apos;, revision: &amp;apos;41bccdd10cf2c0560f637404c2d96164b67d9d67&amp;apos;, time: &amp;apos;2015-10-09 13:08:06&amp;apos;
System info: host: &amp;apos;SUMANTA&amp;apos;, ip: &amp;apos;192.168.0.109&amp;apos;, os.name: &amp;apos;Windows 10&amp;apos;, os.arch: &amp;apos;amd64&amp;apos;, os.version: &amp;apos;10.0&amp;apos;, java.version: &amp;apos;1.8.0_60&amp;apos;
Driver info: org.openqa.selenium.chrome.ChromeDriver">
      <![CDATA[org.openqa.selenium.SessionNotCreatedException: session not created exception
from tab crashed
  (Session info: chrome=47.0.2526.106)
  (Driver info: chromedriver=2.16.333243 (0bfa1d3575fc1044244f21ddb82bf870944ef961),platform=Windows NT 10.0 x86_64) (WARNING: The server did not provide any stacktrace information)
Command duration or timeout: 254.48 seconds
Build info: version: '2.48.2', revision: '41bccdd10cf2c0560f637404c2d96164b67d9d67', time: '2015-10-09 13:08:06'
System info: host: 'SUMANTA', ip: '192.168.0.109', os.name: 'Windows 10', os.arch: 'amd64', os.version: '10.0', java.version: '1.8.0_60'
Driver info: org.openqa.selenium.chrome.ChromeDriver
	at org.openqa.selenium.remote.ErrorHandler.createThrowable(ErrorHandler.java:206)
	at org.openqa.selenium.remote.ErrorHandler.throwIfResponseFailed(ErrorHandler.java:158)
	at org.openqa.selenium.remote.RemoteWebDriver.execute(RemoteWebDriver.java:647)
	at org.openqa.selenium.remote.RemoteWebDriver.startSession(RemoteWebDriver.java:247)
	at org.openqa.selenium.remote.RemoteWebDriver.<init>(RemoteWebDriver.java:129)
	at org.openqa.selenium.remote.RemoteWebDriver.<init>(RemoteWebDriver.java:142)
	at org.openqa.selenium.chrome.ChromeDriver.<init>(ChromeDriver.java:170)
	at org.openqa.selenium.chrome.ChromeDriver.<init>(ChromeDriver.java:159)
	at org.openqa.selenium.chrome.ChromeDriver.<init>(ChromeDriver.java:116)
	at com.naukri.utilities.InitializeDriver.launchBrowser(InitializeDriver.java:25)
	at com.naukri.testscript.TestNaukri.beforeTest(TestNaukri.java:27)
... Removed 26 stack frames]]>
    </failure>
  </testcase> <!-- @BeforeTest beforeTest -->
  <testcase name="verifyLoginPage" time="0.001" classname="com.naukri.testscript.TestNaukri">
    <skipped/>
  </testcase> <!-- verifyLoginPage -->
  <testcase name="verifyAttachedResume" time="0.0" classname="com.naukri.testscript.TestNaukri">
    <skipped/>
  </testcase> <!-- verifyAttachedResume -->
  <testcase name="verifyUploadResume" time="0.0" classname="com.naukri.testscript.TestNaukri">
    <skipped/>
  </testcase> <!-- verifyUploadResume -->
  <testcase name="verifyLogOut" time="0.0" classname="com.naukri.testscript.TestNaukri">
    <skipped/>
  </testcase> <!-- verifyLogOut -->
  <testcase name="verifyloginAgain" time="0.0" classname="com.naukri.testscript.TestNaukri">
    <skipped/>
  </testcase> <!-- verifyloginAgain -->
</testsuite> <!-- NaukriJobPortal Chrome Test Result -->
